[[[ 87.5         84.37578735  81.35235576 ...,  81.35235576  84.37578735
    87.5       ]
  [ 85.93789368  82.81368103  79.79024943 ...,  79.79024943  82.81368103
    85.93789368]
  [ 84.42617788  81.30196523  78.27853364 ...,  78.27853364  81.30196523
    84.42617788]
  ..., 
  [ 84.42617788  81.30196523  78.27853364 ...,  78.27853364  81.30196523
    84.42617788]
  [ 85.93789368  82.81368103  79.79024943 ...,  79.79024943  82.81368103
    85.93789368]
  [ 87.5         84.37578735  81.35235576 ...,  81.35235576  84.37578735
    87.5       ]]

 [[ 86.71894684  83.59473419  80.5713026  ...,  80.5713026   83.59473419
    86.71894684]
  [ 85.15684051  82.03262787  79.00919627 ...,  79.00919627  82.03262787
    85.15684051]
  [ 83.64512472  80.52091207  77.49748047 ...,  77.49748047  80.52091207
    83.64512472]
  ..., 
  [ 83.64512472  80.52091207  77.49748047 ...,  77.49748047  80.52091207
    83.64512472]
  [ 85.15684051  82.03262787  79.00919627 ...,  79.00919627  82.03262787
    85.15684051]
  [ 86.71894684  83.59473419  80.5713026  ...,  80.5713026   83.59473419
    86.71894684]]

 [[ 85.96308894  82.83887629  79.8154447  ...,  79.8154447   82.83887629
    85.96308894]
  [ 84.40098262  81.27676997  78.25333837 ...,  78.25333837  81.27676997
    84.40098262]
  [ 82.88926682  79.76505417  76.74162257 ...,  76.74162257  79.76505417
    82.88926682]
  ..., 
  [ 82.88926682  79.76505417  76.74162257 ...,  76.74162257  79.76505417
    82.88926682]
  [ 84.40098262  81.27676997  78.25333837 ...,  78.25333837  81.27676997
    84.40098262]
  [ 85.96308894  82.83887629  79.8154447  ...,  79.8154447   82.83887629
    85.96308894]]

 ..., 
 [[ 85.96308894  82.83887629  79.8154447  ...,  79.8154447   82.83887629
    85.96308894]
  [ 84.40098262  81.27676997  78.25333837 ...,  78.25333837  81.27676997
    84.40098262]
  [ 82.88926682  79.76505417  76.74162257 ...,  76.74162257  79.76505417
    82.88926682]
  ..., 
  [ 82.88926682  79.76505417  76.74162257 ...,  76.74162257  79.76505417
    82.88926682]
  [ 84.40098262  81.27676997  78.25333837 ...,  78.25333837  81.27676997
    84.40098262]
  [ 85.96308894  82.83887629  79.8154447  ...,  79.8154447   82.83887629
    85.96308894]]

 [[ 86.71894684  83.59473419  80.5713026  ...,  80.5713026   83.59473419
    86.71894684]
  [ 85.15684051  82.03262787  79.00919627 ...,  79.00919627  82.03262787
    85.15684051]
  [ 83.64512472  80.52091207  77.49748047 ...,  77.49748047  80.52091207
    83.64512472]
  ..., 
  [ 83.64512472  80.52091207  77.49748047 ...,  77.49748047  80.52091207
    83.64512472]
  [ 85.15684051  82.03262787  79.00919627 ...,  79.00919627  82.03262787
    85.15684051]
  [ 86.71894684  83.59473419  80.5713026  ...,  80.5713026   83.59473419
    86.71894684]]

 [[ 87.5         84.37578735  81.35235576 ...,  81.35235576  84.37578735
    87.5       ]
  [ 85.93789368  82.81368103  79.79024943 ...,  79.79024943  82.81368103
    85.93789368]
  [ 84.42617788  81.30196523  78.27853364 ...,  78.27853364  81.30196523
    84.42617788]
  ..., 
  [ 84.42617788  81.30196523  78.27853364 ...,  78.27853364  81.30196523
    84.42617788]
  [ 85.93789368  82.81368103  79.79024943 ...,  79.79024943  82.81368103
    85.93789368]
  [ 87.5         84.37578735  81.35235576 ...,  81.35235576  84.37578735
    87.5       ]]]
